2015/07/25 13:48:40 INFO  - jmeter.util.JMeterUtils: Setting Locale to en_US 
2015/07/25 13:48:40 INFO  - jmeter.JMeter: Loading user properties from: D:\program\apache-jmeter-2.13\bin\user.properties 
2015/07/25 13:48:40 INFO  - jmeter.JMeter: Loading system properties from: D:\program\apache-jmeter-2.13\bin\system.properties 
2015/07/25 13:48:40 INFO  - jmeter.JMeter: Copyright (c) 1998-2015 The Apache Software Foundation 
2015/07/25 13:48:40 INFO  - jmeter.JMeter: Version 2.13 r1665067 
2015/07/25 13:48:40 INFO  - jmeter.JMeter: java.version=1.8.0_45 
2015/07/25 13:48:40 INFO  - jmeter.JMeter: java.vm.name=Java HotSpot(TM) 64-Bit Server VM 
2015/07/25 13:48:40 INFO  - jmeter.JMeter: os.name=Windows 8.1 
2015/07/25 13:48:40 INFO  - jmeter.JMeter: os.arch=amd64 
2015/07/25 13:48:40 INFO  - jmeter.JMeter: os.version=6.3 
2015/07/25 13:48:40 INFO  - jmeter.JMeter: file.encoding=Cp1252 
2015/07/25 13:48:40 INFO  - jmeter.JMeter: Default Locale=English (United States) 
2015/07/25 13:48:40 INFO  - jmeter.JMeter: JMeter  Locale=English (United States) 
2015/07/25 13:48:40 INFO  - jmeter.JMeter: JMeterHome=D:\program\apache-jmeter-2.13 
2015/07/25 13:48:40 INFO  - jmeter.JMeter: user.dir  =D:\myhome\data 
2015/07/25 13:48:40 INFO  - jmeter.JMeter: PWD       =D:\myhome\data 
2015/07/25 13:48:40 INFO  - jmeter.JMeter: IP: 192.168.0.48 Name: dell FullName: dell.Home 
2015/07/25 13:48:40 INFO  - jmeter.services.FileServer: Default base='D:\myhome\data' 
2015/07/25 13:48:40 INFO  - jmeter.services.FileServer: Set new base='D:\myhome\scripts' 
2015/07/25 13:48:40 INFO  - jmeter.save.SaveService: Testplan (JMX) version: 2.2. Testlog (JTL) version: 2.2 
2015/07/25 13:48:40 INFO  - jmeter.save.SaveService: Using SaveService properties file encoding UTF-8 
2015/07/25 13:48:40 INFO  - jmeter.save.SaveService: Using SaveService properties file version 1656252 
2015/07/25 13:48:40 INFO  - jmeter.save.SaveService: Using SaveService properties version 2.8 
2015/07/25 13:48:40 INFO  - jmeter.save.SaveService: All converter versions present and correct 
2015/07/25 13:48:40 INFO  - jmeter.save.SaveService: Loading file: D:\myhome\scripts\getData.jmx 
2015/07/25 13:48:40 INFO  - jmeter.protocol.http.sampler.HTTPSamplerBase: Cannot find .className property for htmlParser, using default 
2015/07/25 13:48:40 INFO  - jmeter.protocol.http.sampler.HTTPSamplerBase: Parser for text/html is  
2015/07/25 13:48:40 INFO  - jmeter.protocol.http.sampler.HTTPSamplerBase: Parser for application/xhtml+xml is  
2015/07/25 13:48:40 INFO  - jmeter.protocol.http.sampler.HTTPSamplerBase: Parser for application/xml is  
2015/07/25 13:48:40 INFO  - jmeter.protocol.http.sampler.HTTPSamplerBase: Parser for text/xml is  
2015/07/25 13:48:40 INFO  - jmeter.protocol.http.sampler.HTTPSamplerBase: Parser for text/vnd.wap.wml is org.apache.jmeter.protocol.http.parser.RegexpHTMLParser 
2015/07/25 13:48:40 INFO  - jmeter.JMeter: Creating summariser <summary> 
2015/07/25 13:48:40 INFO  - jmeter.engine.StandardJMeterEngine: Listeners will be started after enabling running version 
2015/07/25 13:48:40 INFO  - jmeter.engine.StandardJMeterEngine: To revert to the earlier behaviour, define jmeterengine.startlistenerslater=false 
2015/07/25 13:48:40 INFO  - jmeter.engine.StandardJMeterEngine: Running the test! 
2015/07/25 13:48:40 INFO  - jmeter.samplers.SampleEvent: List of sample_variables: [] 
2015/07/25 13:48:40 INFO  - jmeter.samplers.SampleEvent: List of sample_variables: [] 
2015/07/25 13:48:40 INFO  - jmeter.engine.util.CompoundVariable: Note: Function class names must contain the string: '.functions.' 
2015/07/25 13:48:40 INFO  - jmeter.engine.util.CompoundVariable: Note: Function class names must not contain the string: '.gui.' 
2015/07/25 13:48:40 INFO  - jmeter.JMeter: Running test (1437850120974) 
2015/07/25 13:48:41 INFO  - jmeter.engine.StandardJMeterEngine: Starting ThreadGroup: 1 : GetData 
2015/07/25 13:48:41 INFO  - jmeter.engine.StandardJMeterEngine: Starting 1 threads for group GetData. 
2015/07/25 13:48:41 INFO  - jmeter.engine.StandardJMeterEngine: Thread will continue on error 
2015/07/25 13:48:41 INFO  - jmeter.threads.ThreadGroup: Starting thread group number 1 threads 1 ramp-up 1 perThread 1000.0 delayedStart=false 
2015/07/25 13:48:41 INFO  - jmeter.threads.JMeterThread: jmeterthread.startearlier=true (see jmeter.properties) 
2015/07/25 13:48:41 INFO  - jmeter.threads.JMeterThread: Running PostProcessors in forward order 
2015/07/25 13:48:41 INFO  - jmeter.threads.ThreadGroup: Started thread group number 1 
2015/07/25 13:48:41 INFO  - jmeter.engine.StandardJMeterEngine: All thread groups have been started 
2015/07/25 13:48:41 INFO  - jmeter.threads.JMeterThread: Thread started: GetData 1-1 
2015/07/25 13:48:41 INFO  - jmeter.services.FileServer: Stored: D:\program\apache-jmeter-2.13\bin\movieInformation.csv 
2015/07/25 13:48:41 INFO  - jmeter.protocol.http.sampler.HTTPHCAbstractImpl: Local host = dell 
2015/07/25 13:48:41 INFO  - jmeter.protocol.http.sampler.HTTPHC4Impl: HTTP request retry count = 0 
2015/07/25 13:48:41 INFO  - jmeter.protocol.http.sampler.HTTPHC4Impl: Setting up HTTPS TrustAll scheme 
2015/07/25 13:48:41 INFO  - jmeter.util.JsseSSLManager: Using default SSL protocol: TLS 
2015/07/25 13:48:41 INFO  - jmeter.util.JsseSSLManager: SSL session context: per-thread 
2015/07/25 13:48:41 INFO  - jmeter.samplers.SampleResult: Note: Sample TimeStamps are START times 
2015/07/25 13:48:41 INFO  - jmeter.samplers.SampleResult: sampleresult.default.encoding is set to ISO-8859-1 
2015/07/25 13:48:41 INFO  - jmeter.samplers.SampleResult: sampleresult.useNanoTime=true 
2015/07/25 13:48:41 INFO  - jmeter.samplers.SampleResult: sampleresult.nanoThreadSleep=5000 
2015/07/25 13:48:42 INFO  - jmeter.util.BeanShellTestElement: 20150726 
2015/07/25 13:48:42 INFO  - jmeter.util.BeanShellTestElement: 20150727 
2015/07/25 13:48:42 INFO  - jmeter.util.BeanShellTestElement: 20150728 
2015/07/25 13:48:42 INFO  - jmeter.util.BeanShellTestElement: 20150729 
2015/07/25 13:48:42 INFO  - jmeter.util.BeanShellTestElement: 20150730 
